<?xml version="1.0" encoding="UTF-8"?>
<testsuite name="tripletail.AppTest" tests="1" skipped="0" failures="0" errors="0" timestamp="2021-04-01T10:50:21" hostname="tripletail.local" time="0.008">
  <properties/>
  <testcase name="testAppGreeting" classname="tripletail.AppTest" time="0.008"/>
  <system-out><![CDATA[]]></system-out>
  <system-err><![CDATA[]]></system-err>
</testsuite>
